<?xml version="1.0" encoding="UTF-8"?>
<testng-results skipped="0" failed="0" ignored="0" total="1" passed="1">
  <reporter-output>
  </reporter-output>
  <suite name="Default suite" duration-ms="1519" started-at="2021-03-19T07:13:12Z" finished-at="2021-03-19T07:13:14Z">
    <groups>
    </groups>
    <test name="Default test" duration-ms="1519" started-at="2021-03-19T07:13:12Z" finished-at="2021-03-19T07:13:14Z">
      <class name="restapi.GetRequest">
        <test-method status="PASS" signature="test1()[pri:0, instance:restapi.GetRequest@481a15ff]" name="test1" duration-ms="1496" started-at="2021-03-19T07:13:12Z" finished-at="2021-03-19T07:13:14Z">
          <reporter-output>
          </reporter-output>
        </test-method> <!-- test1 -->
      </class> <!-- restapi.GetRequest -->
    </test> <!-- Default test -->
  </suite> <!-- Default suite -->
</testng-results>
